C51 COMPILER V9.60.0.0   MAIN                                                              08/05/2020 02:06:32 PAGE 1   


C51 COMPILER V9.60.0.0, COMPILATION OF MODULE MAIN
OBJECT MODULE PLACED IN .\Objects\main.obj
COMPILER INVOKED BY: C:\Program Files\Keil\C51\BIN\C51.EXE main.c OPTIMIZE(8,SPEED) BROWSE INCDIR(..\h) DEBUG OBJECTEXTE
                    -ND PRINT(.\Listings\main.lst) OBJECT(.\Objects\main.obj)

line level    source

   1          #include "sbits.h"
   2          #include "time.h"
   3          #include "type.h"
   4          
   5          const u16 delay = 100;
   6          
   7          void main() {
   8   1          P1 = 0xff;
   9   1          P1_0 = 0;
  10   1          while (1) {
  11   2              P1_3 = 1;
  12   2              P1_1 = 0;
  13   2              delay_ms(delay);
  14   2              P1_0 = 1;
  15   2              P1_2 = 0;
  16   2              delay_ms(delay);
  17   2              P1_1 = 1;
  18   2              P1_3 = 0;
  19   2              delay_ms(delay);
  20   2              P1_2 = 1;
  21   2              P1_0 = 0;
  22   2              delay_ms(delay);
  23   2          }
  24   1      }


MODULE INFORMATION:   STATIC OVERLAYABLE
   CODE SIZE        =     51    ----
   CONSTANT SIZE    =   ----    ----
   XDATA SIZE       =   ----    ----
   PDATA SIZE       =   ----    ----
   DATA SIZE        =      2    ----
   IDATA SIZE       =   ----    ----
   BIT SIZE         =   ----    ----
END OF MODULE INFORMATION.


C51 COMPILATION COMPLETE.  0 WARNING(S),  0 ERROR(S)
