C51 COMPILER V9.60.0.0   MAIN                                                              08/03/2020 22:47:35 PAGE 1   


C51 COMPILER V9.60.0.0, COMPILATION OF MODULE MAIN
OBJECT MODULE PLACED IN .\Objects\main.obj
COMPILER INVOKED BY: C:\Program Files\Keil\C51\BIN\C51.EXE main.c OPTIMIZE(8,SPEED) BROWSE INCDIR(..\..\h) DEBUG OBJECTE
                    -XTEND PRINT(.\Listings\main.lst) OBJECT(.\Objects\main.obj)

line level    source

   1          #include "infared.h"
   2          #include "interrupt.h"
   3          #include "uart.h"
   4          
   5          void main() {
   6   1          char c;
   7   1          set_all_interrupt(0);
   8   1          set_UART_mode(0, 1, 0, 0);
   9   1          set_UART_19200();
  10   1          infared_init(1);
  11   1          while (1) {
  12   2              infared_receive(&c);
  13   2              UART_send(c);
  14   2          }
  15   1      }


MODULE INFORMATION:   STATIC OVERLAYABLE
   CODE SIZE        =     40    ----
   CONSTANT SIZE    =   ----    ----
   XDATA SIZE       =   ----    ----
   PDATA SIZE       =   ----    ----
   DATA SIZE        =   ----       1
   IDATA SIZE       =   ----    ----
   BIT SIZE         =   ----    ----
END OF MODULE INFORMATION.


C51 COMPILATION COMPLETE.  0 WARNING(S),  0 ERROR(S)
