C51 COMPILER V9.60.0.0   UART                                                              08/03/2020 22:48:19 PAGE 1   


C51 COMPILER V9.60.0.0, COMPILATION OF MODULE UART
OBJECT MODULE PLACED IN .\Objects\uart.obj
COMPILER INVOKED BY: C:\Program Files\Keil\C51\BIN\C51.EXE ..\..\h\uart.c OPTIMIZE(8,SPEED) BROWSE INCDIR(..\..\h) DEBUG
                    - OBJECTEXTEND PRINT(.\Listings\uart.lst) OBJECT(.\Objects\uart.obj)

line level    source

   1          #include <REG51.H>
   2          
   3          #include "type.h"
   4          
   5          void set_UART_19200() {
   6   1          PCON = 0x80;                  // SMOD = 1
   7   1          TMOD = (TMOD & 0x0f) | 0x20;  // T1 mode 2, GATE = 0 , C/T = T
   8   1          TH1 = TL1 = 0xfd;             // init
   9   1          TR1 = 1;                      // T1 start
  10   1      }
  11          
  12          void set_UART_mode(bit sm0, bit sm1, bit sm2, bit ren) {
  13   1          SM0 = sm0;
  14   1          SM1 = sm1;
  15   1          SM2 = sm2;
  16   1          REN = ren;
  17   1      }
  18          
  19          void UART_send(char c) {
  20   1          TI = 0;
  21   1          SBUF = c;
  22   1      }
  23          
  24          void UART_send_string(char c[]) {
  25   1          u8 index = 0;
  26   1          char temp;
  27   1          while (1) {
  28   2              temp = c[index++];
  29   2              if (temp == '\0') {
  30   3                  break;
  31   3              }
  32   2              UART_send(temp);
  33   2              while (!TI)
  34   2                  ;
  35   2          }
  36   1      }
  37          
  38          void UART_receive(char* c) {
  39   1          while (!RI)
  40   1              ;
  41   1          *c = SBUF;
  42   1          RI = 0;
  43   1      }


MODULE INFORMATION:   STATIC OVERLAYABLE
   CODE SIZE        =     90    ----
   CONSTANT SIZE    =   ----    ----
   XDATA SIZE       =   ----    ----
   PDATA SIZE       =   ----    ----
   DATA SIZE        =   ----       3
   IDATA SIZE       =   ----    ----
   BIT SIZE         =   ----       4
END OF MODULE INFORMATION.

C51 COMPILER V9.60.0.0   UART                                                              08/03/2020 22:48:19 PAGE 2   


C51 COMPILATION COMPLETE.  0 WARNING(S),  0 ERROR(S)
