C51 COMPILER V9.60.0.0   MAIN                                                              08/02/2020 15:56:10 PAGE 1   


C51 COMPILER V9.60.0.0, COMPILATION OF MODULE MAIN
OBJECT MODULE PLACED IN .\Objects\main.obj
COMPILER INVOKED BY: C:\Program Files\Keil\C51\BIN\C51.EXE main.c OPTIMIZE(8,SPEED) BROWSE INCDIR(..\h) DEBUG OBJECTEXTE
                    -ND PRINT(.\Listings\main.lst) OBJECT(.\Objects\main.obj)

line level    source

   1          #include "numbers.h"
*** WARNING C280 IN LINE 103 OF ..\h\numbers.h: 'num': unreferenced local variable
   2          #include "sbits.h"
   3          
   4          char number = 0;
   5          
   6          char check() {
   7   1          if (P3_4 == 0) {
   8   2              return 1;
   9   2          }
  10   1          if (P3_5 == 0) {
  11   2              return 2;
  12   2          }
  13   1          if (P3_6 == 0) {
  14   2              return 3;
  15   2          }
  16   1          return 0;
  17   1      }
  18          
  19          void main() {
  20   1          P3 = 0xff;
  21   1          select(0);
  22   1          while (1) {
  23   2              P3_0 = 0;
  24   2              number = 0 + check();
  25   2              if (number != 0) {
  26   3                  show(number, 0);
  27   3              }
  28   2              P3_0 = 1;
  29   2      
  30   2              P3_1 = 0;
  31   2              number = 3 + check();
  32   2              if (number != 3) {
  33   3                  show(number, 0);
  34   3              }
  35   2              P3_1 = 1;
  36   2      
  37   2              P3_2 = 0;
  38   2              number = 6 + check();
  39   2              if (number != 6) {
  40   3                  show(number, 0);
  41   3              }
  42   2              P3_2 = 1;
  43   2          }
  44   1      }


MODULE INFORMATION:   STATIC OVERLAYABLE
   CODE SIZE        =    519    ----
   CONSTANT SIZE    =   ----    ----
   XDATA SIZE       =   ----    ----
   PDATA SIZE       =   ----    ----
   DATA SIZE        =      6       5
   IDATA SIZE       =   ----    ----
C51 COMPILER V9.60.0.0   MAIN                                                              08/02/2020 15:56:10 PAGE 2   

   BIT SIZE         =   ----       1
END OF MODULE INFORMATION.


C51 COMPILATION COMPLETE.  1 WARNING(S),  0 ERROR(S)
